# JRE version: 7.0_25-b17
# Java VM: Java HotSpot(TM) 64-Bit Server VM (23.25-b01 mixed mode windows-amd64 compressed oops)
Heap
 PSYoungGen      total 583680K, used 239136K [0x00000007ab160000, 0x00000007ece00000, 0x0000000800000000)
  eden space 119936K, 100% used [0x00000007ab160000,0x00000007b2680000,0x00000007b2680000)
  from space 463744K, 25% used [0x00000007b2680000,0x00000007b9ae8000,0x00000007ceb60000)
  to   space 463744K, 25% used [0x00000007d0920000,0x00000007d7d98000,0x00000007ece00000)
 ParOldGen       total 1769728K, used 1639167K [0x0000000701400000, 0x000000076d440000, 0x00000007ab160000)
  object space 1769728K, 92% used [0x0000000701400000,0x00000007654bfc10,0x000000076d440000)
 PSPermGen       total 21248K, used 9222K [0x00000006fc200000, 0x00000006fd6c0000, 0x0000000701400000)
  object space 21248K, 43% used [0x00000006fc200000,0x00000006fcb01b38,0x00000006fd6c0000)
GC Heap History (10 events):
Event: 4.397 GC heap after
Heap after GC invocations=13 (full 3):
 PSYoungGen      total 504064K, used 407488K [0x00000007ab160000, 0x00000007ed3b0000, 0x0000000800000000)
  eden space 96576K, 0% used [0x00000007ab160000,0x00000007ab160000,0x00000007b0fb0000)
  from space 407488K, 100% used [0x00000007cd490000,0x00000007e6280000,0x00000007e6280000)
  to   space 463744K, 0% used [0x00000007b0fb0000,0x00000007b0fb0000,0x00000007cd490000)
 ParOldGen       total 1199040K, used 920390K [0x0000000701400000, 0x000000074a6f0000, 0x00000007ab160000)
  object space 1199040K, 76% used [0x0000000701400000,0x00000007396d19b0,0x000000074a6f0000)
 PSPermGen       total 21248K, used 9222K [0x00000006fc200000, 0x00000006fd6c0000, 0x0000000701400000)
  object space 21248K, 43% used [0x00000006fc200000,0x00000006fcb01b38,0x00000006fd6c0000)
}
Event: 4.514 GC heap before
{Heap before GC invocations=14 (full 3):
 PSYoungGen      total 504064K, used 504064K [0x00000007ab160000, 0x00000007ed3b0000, 0x0000000800000000)
  eden space 96576K, 100% used [0x00000007ab160000,0x00000007b0fb0000,0x00000007b0fb0000)
  from space 407488K, 100% used [0x00000007cd490000,0x00000007e6280000,0x00000007e6280000)
  to   space 463744K, 0% used [0x00000007b0fb0000,0x00000007b0fb0000,0x00000007cd490000)
 ParOldGen       total 1199040K, used 920390K [0x0000000701400000, 0x000000074a6f0000, 0x00000007ab160000)
  object space 1199040K, 76% used [0x0000000701400000,0x00000007396d19b0,0x000000074a6f0000)
 PSPermGen       total 21248K, used 9222K [0x00000006fc200000, 0x00000006fd6c0000, 0x0000000701400000)
  object space 21248K, 43% used [0x00000006fc200000,0x00000006fcb01b38,0x00000006fd6c0000)
Event: 4.662 GC heap after
Heap after GC invocations=14 (full 3):
 PSYoungGen      total 560320K, used 315808K [0x00000007ab160000, 0x00000007eb290000, 0x0000000800000000)
  eden space 96576K, 0% used [0x00000007ab160000,0x00000007ab160000,0x00000007b0fb0000)
  from space 463744K, 68% used [0x00000007b0fb0000,0x00000007c4418000,0x00000007cd490000)
  to   space 463744K, 0% used [0x00000007cedb0000,0x00000007cedb0000,0x00000007eb290000)
 ParOldGen       total 1199040K, used 1109134K [0x0000000701400000, 0x000000074a6f0000, 0x00000007ab160000)
  object space 1199040K, 92% used [0x0000000701400000,0x0000000744f239b0,0x000000074a6f0000)
 PSPermGen       total 21248K, used 9222K [0x00000006fc200000, 0x00000006fd6c0000, 0x0000000701400000)
  object space 21248K, 43% used [0x00000006fc200000,0x00000006fcb01b38,0x00000006fd6c0000)
}
Event: 4.662 GC heap before
{Heap before GC invocations=15 (full 4):
 PSYoungGen      total 560320K, used 315808K [0x00000007ab160000, 0x00000007eb290000, 0x0000000800000000)
  eden space 96576K, 0% used [0x00000007ab160000,0x00000007ab160000,0x00000007b0fb0000)
  from space 463744K, 68% used [0x00000007b0fb0000,0x00000007c4418000,0x00000007cd490000)
  to   space 463744K, 0% used [0x00000007cedb0000,0x00000007cedb0000,0x00000007eb290000)
 ParOldGen       total 1199040K, used 1109134K [0x0000000701400000, 0x000000074a6f0000, 0x00000007ab160000)
  object space 1199040K, 92% used [0x0000000701400000,0x0000000744f239b0,0x000000074a6f0000)
 PSPermGen       total 21248K, used 9222K [0x00000006fc200000, 0x00000006fd6c0000, 0x0000000701400000)
  object space 21248K, 43% used [0x00000006fc200000,0x00000006fcb01b38,0x00000006fd6c0000)
Event: 5.822 GC heap after
Heap after GC invocations=15 (full 4):
 PSYoungGen      total 560320K, used 222244K [0x00000007ab160000, 0x00000007eb290000, 0x0000000800000000)
  eden space 96576K, 0% used [0x00000007ab160000,0x00000007ab160000,0x00000007b0fb0000)
  from space 463744K, 47% used [0x00000007b0fb0000,0x00000007be8b9030,0x00000007cd490000)
  to   space 463744K, 0% used [0x00000007cedb0000,0x00000007cedb0000,0x00000007eb290000)
 ParOldGen       total 1769728K, used 1199039K [0x0000000701400000, 0x000000076d440000, 0x00000007ab160000)
  object space 1769728K, 67% used [0x0000000701400000,0x000000074a6efc10,0x000000076d440000)
 PSPermGen       total 21248K, used 9222K [0x00000006fc200000, 0x00000006fd6c0000, 0x0000000701400000)
  object space 21248K, 43% used [0x00000006fc200000,0x00000006fcb01b38,0x00000006fd6c0000)
}
Event: 5.943 GC heap before
{Heap before GC invocations=16 (full 4):
 PSYoungGen      total 560320K, used 318820K [0x00000007ab160000, 0x00000007eb290000, 0x0000000800000000)
  eden space 96576K, 100% used [0x00000007ab160000,0x00000007b0fb0000,0x00000007b0fb0000)
  from space 463744K, 47% used [0x00000007b0fb0000,0x00000007be8b9030,0x00000007cd490000)
  to   space 463744K, 0% used [0x00000007cedb0000,0x00000007cedb0000,0x00000007eb290000)
 ParOldGen       total 1769728K, used 1199039K [0x0000000701400000, 0x000000076d440000, 0x00000007ab160000)
  object space 1769728K, 67% used [0x0000000701400000,0x000000074a6efc10,0x000000076d440000)
 PSPermGen       total 21248K, used 9222K [0x00000006fc200000, 0x00000006fd6c0000, 0x0000000701400000)
  object space 21248K, 43% used [0x00000006fc200000,0x00000006fcb01b38,0x00000006fd6c0000)
Event: 6.111 GC heap after
Heap after GC invocations=16 (full 4):
 PSYoungGen      total 581312K, used 147904K [0x00000007ab160000, 0x00000007eb040000, 0x0000000800000000)
  eden space 119936K, 0% used [0x00000007ab160000,0x00000007ab160000,0x00000007b2680000)
  from space 461376K, 32% used [0x00000007cedb0000,0x00000007d7e20000,0x00000007eb040000)
  to   space 463744K, 0% used [0x00000007b2680000,0x00000007b2680000,0x00000007ceb60000)
 ParOldGen       total 1769728K, used 1370799K [0x0000000701400000, 0x000000076d440000, 0x00000007ab160000)
  object space 1769728K, 77% used [0x0000000701400000,0x0000000754eabc10,0x000000076d440000)
 PSPermGen       total 21248K, used 9222K [0x00000006fc200000, 0x00000006fd6c0000, 0x0000000701400000)
  object space 21248K, 43% used [0x00000006fc200000,0x00000006fcb01b38,0x00000006fd6c0000)
}
Event: 6.258 GC heap before
{Heap before GC invocations=17 (full 4):
 PSYoungGen      total 581312K, used 267840K [0x00000007ab160000, 0x00000007eb040000, 0x0000000800000000)
  eden space 119936K, 100% used [0x00000007ab160000,0x00000007b2680000,0x00000007b2680000)
  from space 461376K, 32% used [0x00000007cedb0000,0x00000007d7e20000,0x00000007eb040000)
  to   space 463744K, 0% used [0x00000007b2680000,0x00000007b2680000,0x00000007ceb60000)
 ParOldGen       total 1769728K, used 1370799K [0x0000000701400000, 0x000000076d440000, 0x00000007ab160000)
  object space 1769728K, 77% used [0x0000000701400000,0x0000000754eabc10,0x000000076d440000)
 PSPermGen       total 21248K, used 9222K [0x00000006fc200000, 0x00000006fd6c0000, 0x0000000701400000)
  object space 21248K, 43% used [0x00000006fc200000,0x00000006fcb01b38,0x00000006fd6c0000)
Event: 6.370 GC heap after
Heap after GC invocations=17 (full 4):
 PSYoungGen      total 583680K, used 119200K [0x00000007ab160000, 0x00000007ece00000, 0x0000000800000000)
  eden space 119936K, 0% used [0x00000007ab160000,0x00000007ab160000,0x00000007b2680000)
  from space 463744K, 25% used [0x00000007b2680000,0x00000007b9ae8000,0x00000007ceb60000)
  to   space 463744K, 0% used [0x00000007d0920000,0x00000007d0920000,0x00000007ece00000)
 ParOldGen       total 1769728K, used 1519391K [0x0000000701400000, 0x000000076d440000, 0x00000007ab160000)
  object space 1769728K, 85% used [0x0000000701400000,0x000000075dfc7c10,0x000000076d440000)
 PSPermGen       total 21248K, used 9222K [0x00000006fc200000, 0x00000006fd6c0000, 0x0000000701400000)
  object space 21248K, 43% used [0x00000006fc200000,0x00000006fcb01b38,0x00000006fd6c0000)
}
Event: 6.515 GC heap before
{Heap before GC invocations=18 (full 4):
 PSYoungGen      total 583680K, used 239136K [0x00000007ab160000, 0x00000007ece00000, 0x0000000800000000)
  eden space 119936K, 100% used [0x00000007ab160000,0x00000007b2680000,0x00000007b2680000)
  from space 463744K, 25% used [0x00000007b2680000,0x00000007b9ae8000,0x00000007ceb60000)
  to   space 463744K, 0% used [0x00000007d0920000,0x00000007d0920000,0x00000007ece00000)
 ParOldGen       total 1769728K, used 1519391K [0x0000000701400000, 0x000000076d440000, 0x00000007ab160000)
  object space 1769728K, 85% used [0x0000000701400000,0x000000075dfc7c10,0x000000076d440000)
 PSPermGen       total 21248K, used 9222K [0x00000006fc200000, 0x00000006fd6c0000, 0x0000000701400000)
  object space 21248K, 43% used [0x00000006fc200000,0x00000006fcb01b38,0x00000006fd6c0000)

